<?xml version="1.0" encoding="UTF-8"?>
<testsuite name="ParserTest" tests="1" skipped="0" failures="0" errors="0" timestamp="2024-04-22T12:51:28" hostname="DESKTOP-11JOLPM" time="0.019">
  <properties/>
  <testcase name="testSortByArea()" classname="ParserTest" time="0.019"/>
  <system-out><![CDATA[]]></system-out>
  <system-err><![CDATA[]]></system-err>
</testsuite>
